<?xml version="1.0" encoding="UTF-8"?>
<testng-results ignored="0" total="1" passed="1" failed="0" skipped="0">
  <reporter-output>
  </reporter-output>
  <suite started-at="2023-07-22T16:52:18Z" name="Default suite" finished-at="2023-07-22T16:52:25Z" duration-ms="7012">
    <groups>
    </groups>
    <test started-at="2023-07-22T16:52:18Z" name="Default test" finished-at="2023-07-22T16:52:25Z" duration-ms="7012">
      <class name="rahulshettyacademy.tests.JenkinsTest">
        <test-method signature="TitleTest()[pri:0, instance:rahulshettyacademy.tests.JenkinsTest@2796aeae]" started-at="2023-07-22T16:52:18Z" name="TitleTest" finished-at="2023-07-22T16:52:25Z" duration-ms="6988" status="PASS">
          <reporter-output>
          </reporter-output>
        </test-method> <!-- TitleTest -->
      </class> <!-- rahulshettyacademy.tests.JenkinsTest -->
    </test> <!-- Default test -->
  </suite> <!-- Default suite -->
</testng-results>
