<?xml version="1.0" encoding="UTF-8"?>
<testng-results skipped="0" failed="0" ignored="0" total="1" passed="1">
  <reporter-output>
  </reporter-output>
  <suite name="Surefire suite" duration-ms="8946" started-at="2023-07-22T16:53:27Z" finished-at="2023-07-22T16:53:36Z">
    <groups>
    </groups>
    <test name="Surefire test" duration-ms="8946" started-at="2023-07-22T16:53:27Z" finished-at="2023-07-22T16:53:36Z">
      <class name="rahulshettyacademy.tests.JenkinsTest">
        <test-method status="PASS" signature="TitleTest()[pri:0, instance:rahulshettyacademy.tests.JenkinsTest@7823a2f9]" name="TitleTest" duration-ms="8918" started-at="2023-07-22T16:53:27Z" finished-at="2023-07-22T16:53:36Z">
          <reporter-output>
          </reporter-output>
        </test-method> <!-- TitleTest -->
      </class> <!-- rahulshettyacademy.tests.JenkinsTest -->
    </test> <!-- Surefire test -->
  </suite> <!-- Surefire suite -->
</testng-results>
